<?xml version="1.0" encoding="UTF-8"?>
<!-- Generated by org.testng.reporters.JUnitReportReporter -->
<testsuite hostname="DESKTOP-JMEHCJO" failures="0" tests="2" name="TestNGpackage.validLoginTestCase" time="30.773" errors="0" timestamp="2023-05-22T23:56:01 IST" skipped="0">
  <testcase classname="TestNGpackage.validLoginTestCase" name="createTask" time="23.668"/>
  <system-out/>
  <testcase classname="TestNGpackage.validLoginTestCase" name="validlogin" time="7.105"/>
  <system-out/>
</testsuite> <!-- TestNGpackage.validLoginTestCase -->
