<?xml version="1.0" encoding="UTF-8"?>
<!-- Generated by org.testng.reporters.JUnitReportReporter -->
<testsuite hostname="DESKTOP-JMEHCJO" failures="0" tests="3" name="TestNG_Anotation.GoogleSearchTestCase" time="24.863" errors="0" timestamp="2023-05-24T09:39:58 IST" skipped="0">
  <testcase classname="TestNG_Anotation.GoogleSearchTestCase" name="search2" time="6.026"/>
  <system-out/>
  <testcase classname="TestNG_Anotation.GoogleSearchTestCase" name="search3" time="6.901"/>
  <system-out/>
  <testcase classname="TestNG_Anotation.GoogleSearchTestCase" name="search1" time="11.936"/>
  <system-out/>
</testsuite> <!-- TestNG_Anotation.GoogleSearchTestCase -->
