<?xml version="1.0" encoding="UTF-8"?>
<!-- Generated by org.testng.reporters.JUnitReportReporter -->
<testsuite hostname="DESKTOP-JMEHCJO" failures="0" tests="1" name="TestNGpackage.demo3" time="0.020" errors="0" timestamp="2023-05-22T23:16:58 IST" skipped="0">
  <testcase classname="TestNGpackage.demo3" name="hiiselenium" time="0.020"/>
  <system-out>
    <![CDATA[Where is selenium]]>
  </system-out>
</testsuite> <!-- TestNGpackage.demo3 -->
