<?xml version="1.0" encoding="UTF-8"?>
<!-- Generated by org.testng.reporters.JUnitReportReporter -->
<testsuite hostname="DESKTOP-JMEHCJO" failures="0" tests="1" name="TestNGpackage.demo2" time="0.007" errors="0" timestamp="2023-05-22T18:38:03 IST" skipped="0">
  <testcase classname="TestNGpackage.demo2" name="hiijava" time="0.007"/>
  <system-out>
    <![CDATA[Hey java :)]]>
  </system-out>
</testsuite> <!-- TestNGpackage.demo2 -->
