<?xml version="1.0" encoding="UTF-8"?>
<!-- Generated by org.testng.reporters.JUnitReportReporter -->
<testsuite hostname="DESKTOP-JMEHCJO" failures="0" tests="2" name="TestNGpackage.demoTest3" time="0.009" errors="0" timestamp="2023-05-23T09:56:53 IST" skipped="0">
  <testcase classname="TestNGpackage.demoTest3" name="j" time="0.004"/>
  <system-out>
    <![CDATA[g method demo test3]]>
  </system-out>
  <testcase classname="TestNGpackage.demoTest3" name="k" time="0.005"/>
  <system-out>
    <![CDATA[h method demo test3]]>
  </system-out>
</testsuite> <!-- TestNGpackage.demoTest3 -->
