<?xml version="1.0" encoding="UTF-8"?>
<!-- Generated by org.testng.reporters.JUnitReportReporter -->
<testsuite hostname="DESKTOP-JMEHCJO" failures="0" tests="3" name="TestNGpackage.CreateUser_CreateTask" time="49.142" errors="0" timestamp="2023-05-23T00:08:31 IST" skipped="0">
  <testcase classname="TestNGpackage.CreateUser_CreateTask" name="createUser" time="20.000"/>
  <system-out/>
  <testcase classname="TestNGpackage.CreateUser_CreateTask" name="validlogin" time="8.055"/>
  <system-out/>
  <testcase classname="TestNGpackage.CreateUser_CreateTask" name="createTask" time="21.087"/>
  <system-out/>
</testsuite> <!-- TestNGpackage.CreateUser_CreateTask -->
