<?xml version="1.0" encoding="UTF-8"?>
<!-- Generated by org.testng.reporters.JUnitReportReporter -->
<testsuite hostname="DESKTOP-JMEHCJO" failures="0" tests="3" name="TestNGpackage.demoTest1" time="0.038" errors="0" timestamp="2023-05-23T09:56:53 IST" skipped="0">
  <testcase classname="TestNGpackage.demoTest1" name="g" time="0.022"/>
  <system-out>
    <![CDATA[g method demo test1]]>
  </system-out>
  <testcase classname="TestNGpackage.demoTest1" name="i" time="0.008"/>
  <system-out>
    <![CDATA[i method demo test1]]>
  </system-out>
  <testcase classname="TestNGpackage.demoTest1" name="h" time="0.008"/>
  <system-out>
    <![CDATA[h method demo test1]]>
  </system-out>
</testsuite> <!-- TestNGpackage.demoTest1 -->
