<?xml version="1.0" encoding="UTF-8"?>
<!-- Generated by org.testng.reporters.JUnitReportReporter -->
<testsuite hostname="DESKTOP-JMEHCJO" failures="0" tests="1" name="TestNGpackage.demo" time="0.003" errors="0" timestamp="2023-05-22T11:01:06 IST" skipped="0">
  <testcase classname="TestNGpackage.demo" name="testng" time="0.003"/>
  <system-out>
    <![CDATA[hello testng]]>
  </system-out>
</testsuite> <!-- TestNGpackage.demo -->
