<?xml version="1.0" encoding="UTF-8"?>
<!-- Generated by org.testng.reporters.JUnitReportReporter -->
<testsuite hostname="DESKTOP-JMEHCJO" failures="0" tests="2" name="testNGexecution.SelectBrowser" time="18.293" errors="0" timestamp="2023-05-26T00:29:52 IST" skipped="0">
  <testcase classname="testNGexecution.SelectBrowser" name="method1" time="6.895"/>
  <system-out/>
  <testcase classname="testNGexecution.SelectBrowser" name="method1" time="11.398"/>
  <system-out/>
</testsuite> <!-- testNGexecution.SelectBrowser -->
