<?xml version="1.0" encoding="UTF-8"?>
<!-- Generated by org.testng.reporters.JUnitReportReporter -->
<testsuite hostname="DESKTOP-JMEHCJO" failures="0" tests="2" name="TestNGpackage.demoTest2" time="0.009" errors="0" timestamp="2023-05-23T09:56:53 IST" skipped="0">
  <testcase classname="TestNGpackage.demoTest2" name="b" time="0.005"/>
  <system-out>
    <![CDATA[b method demo test2]]>
  </system-out>
  <testcase classname="TestNGpackage.demoTest2" name="a" time="0.004"/>
  <system-out>
    <![CDATA[a method demo test2]]>
  </system-out>
</testsuite> <!-- TestNGpackage.demoTest2 -->
