<?xml version="1.0" encoding="UTF-8"?>
<!-- Generated by org.testng.reporters.JUnitReportReporter -->
<testsuite hostname="DESKTOP-JMEHCJO" failures="0" tests="2" name="TestNG_Anotation.Annotations" time="0.024" errors="0" timestamp="2023-05-23T10:20:09 IST" skipped="0">
  <testcase classname="TestNG_Anotation.Annotations" name="f" time="0.018"/>
  <system-out>
    <![CDATA[Test annotations F method]]>
  </system-out>
  <testcase classname="TestNG_Anotation.Annotations" name="testMethod" time="0.006"/>
  <system-out>
    <![CDATA[Test Annotation test Method]]>
  </system-out>
</testsuite> <!-- TestNG_Anotation.Annotations -->
